# JRE version: OpenJDK Runtime Environment (17.0.11) (build 17.0.11+0--11852314)
# Java VM: OpenJDK 64-Bit Server VM (17.0.11+0--11852314, mixed mode, tiered, compressed oops, compressed class ptrs, g1 gc, windows-amd64)
GC Precious Log:
 CPUs: 12 total, 12 available
 Memory: 15713M
 Large Page Support: Disabled
 NUMA Support: Disabled
 Compressed Oops: Enabled (32-bit)
 Heap Region Size: 1M
 Heap Min Capacity: 8M
 Heap Initial Capacity: 246M
 Heap Max Capacity: 2G
 Pre-touch: Disabled
 Parallel Workers: 10
 Concurrent Workers: 3
 Concurrent Refinement Workers: 10
 Periodic GC: Disabled
Heap:
 garbage-first heap   total 370688K, used 202033K [0x0000000080000000, 0x0000000100000000)
  region size 1024K, 6 young (6144K), 6 survivors (6144K)
 Metaspace       used 128465K, committed 129344K, reserved 1179648K
  class space    used 17988K, committed 18432K, reserved 1048576K
GC Heap History (20 events):
Event: 8.596 GC heap after
{Heap after GC invocations=34 (full 0):
 garbage-first heap   total 370688K, used 109939K [0x0000000080000000, 0x0000000100000000)
  region size 1024K, 4 young (4096K), 4 survivors (4096K)
 Metaspace       used 101452K, committed 102336K, reserved 1179648K
  class space    used 13888K, committed 14336K, reserved 1048576K
}
Event: 9.361 GC heap before
{Heap before GC invocations=35 (full 0):
 garbage-first heap   total 370688K, used 309619K [0x0000000080000000, 0x0000000100000000)
  region size 1024K, 183 young (187392K), 4 survivors (4096K)
 Metaspace       used 105904K, committed 106752K, reserved 1179648K
  class space    used 14294K, committed 14720K, reserved 1048576K
}
Event: 9.369 GC heap after
{Heap after GC invocations=36 (full 0):
 garbage-first heap   total 370688K, used 120919K [0x0000000080000000, 0x0000000100000000)
  region size 1024K, 14 young (14336K), 14 survivors (14336K)
 Metaspace       used 105904K, committed 106752K, reserved 1179648K
  class space    used 14294K, committed 14720K, reserved 1048576K
}
Event: 9.374 GC heap before
{Heap before GC invocations=36 (full 0):
 garbage-first heap   total 370688K, used 125015K [0x0000000080000000, 0x0000000100000000)
  region size 1024K, 18 young (18432K), 14 survivors (14336K)
 Metaspace       used 105924K, committed 106752K, reserved 1179648K
  class space    used 14297K, committed 14720K, reserved 1048576K
}
Event: 9.379 GC heap after
{Heap after GC invocations=37 (full 0):
 garbage-first heap   total 370688K, used 121813K [0x0000000080000000, 0x0000000100000000)
  region size 1024K, 2 young (2048K), 2 survivors (2048K)
 Metaspace       used 105924K, committed 106752K, reserved 1179648K
  class space    used 14297K, committed 14720K, reserved 1048576K
}
Event: 11.498 GC heap before
{Heap before GC invocations=37 (full 0):
 garbage-first heap   total 370688K, used 293845K [0x0000000080000000, 0x0000000100000000)
  region size 1024K, 169 young (173056K), 2 survivors (2048K)
 Metaspace       used 109058K, committed 109824K, reserved 1179648K
  class space    used 14654K, committed 15040K, reserved 1048576K
}
Event: 11.501 GC heap after
{Heap after GC invocations=38 (full 0):
 garbage-first heap   total 370688K, used 126778K [0x0000000080000000, 0x0000000100000000)
  region size 1024K, 7 young (7168K), 7 survivors (7168K)
 Metaspace       used 109058K, committed 109824K, reserved 1179648K
  class space    used 14654K, committed 15040K, reserved 1048576K
}
Event: 11.778 GC heap before
{Heap before GC invocations=38 (full 0):
 garbage-first heap   total 370688K, used 296762K [0x0000000080000000, 0x0000000100000000)
  region size 1024K, 174 young (178176K), 7 survivors (7168K)
 Metaspace       used 110232K, committed 111104K, reserved 1179648K
  class space    used 14803K, committed 15232K, reserved 1048576K
}
Event: 11.782 GC heap after
{Heap after GC invocations=39 (full 0):
 garbage-first heap   total 370688K, used 129567K [0x0000000080000000, 0x0000000100000000)
  region size 1024K, 10 young (10240K), 10 survivors (10240K)
 Metaspace       used 110232K, committed 111104K, reserved 1179648K
  class space    used 14803K, committed 15232K, reserved 1048576K
}
Event: 12.180 GC heap before
{Heap before GC invocations=39 (full 0):
 garbage-first heap   total 370688K, used 302623K [0x0000000080000000, 0x0000000100000000)
  region size 1024K, 180 young (184320K), 10 survivors (10240K)
 Metaspace       used 111265K, committed 112064K, reserved 1179648K
  class space    used 14938K, committed 15360K, reserved 1048576K
}
Event: 12.188 GC heap after
{Heap after GC invocations=40 (full 0):
 garbage-first heap   total 370688K, used 136149K [0x0000000080000000, 0x0000000100000000)
  region size 1024K, 16 young (16384K), 16 survivors (16384K)
 Metaspace       used 111265K, committed 112064K, reserved 1179648K
  class space    used 14938K, committed 15360K, reserved 1048576K
}
Event: 12.718 GC heap before
{Heap before GC invocations=40 (full 0):
 garbage-first heap   total 370688K, used 307157K [0x0000000080000000, 0x0000000100000000)
  region size 1024K, 182 young (186368K), 16 survivors (16384K)
 Metaspace       used 118221K, committed 119104K, reserved 1179648K
  class space    used 16082K, committed 16512K, reserved 1048576K
}
Event: 12.733 GC heap after
{Heap after GC invocations=41 (full 0):
 garbage-first heap   total 370688K, used 154584K [0x0000000080000000, 0x0000000100000000)
  region size 1024K, 23 young (23552K), 23 survivors (23552K)
 Metaspace       used 118221K, committed 119104K, reserved 1179648K
  class space    used 16082K, committed 16512K, reserved 1048576K
}
Event: 12.933 GC heap before
{Heap before GC invocations=41 (full 0):
 garbage-first heap   total 370688K, used 294872K [0x0000000080000000, 0x0000000100000000)
  region size 1024K, 161 young (164864K), 23 survivors (23552K)
 Metaspace       used 122574K, committed 123520K, reserved 1179648K
  class space    used 16927K, committed 17408K, reserved 1048576K
}
Event: 12.949 GC heap after
{Heap after GC invocations=42 (full 0):
 garbage-first heap   total 370688K, used 176599K [0x0000000080000000, 0x0000000100000000)
  region size 1024K, 21 young (21504K), 21 survivors (21504K)
 Metaspace       used 122574K, committed 123520K, reserved 1179648K
  class space    used 16927K, committed 17408K, reserved 1048576K
}
Event: 13.053 GC heap before
{Heap before GC invocations=42 (full 0):
 garbage-first heap   total 370688K, used 294359K [0x0000000080000000, 0x0000000100000000)
  region size 1024K, 137 young (140288K), 21 survivors (21504K)
 Metaspace       used 124942K, committed 125888K, reserved 1179648K
  class space    used 17385K, committed 17856K, reserved 1048576K
}
Event: 13.069 GC heap after
{Heap after GC invocations=43 (full 0):
 garbage-first heap   total 370688K, used 195584K [0x0000000080000000, 0x0000000100000000)
  region size 1024K, 18 young (18432K), 18 survivors (18432K)
 Metaspace       used 124942K, committed 125888K, reserved 1179648K
  class space    used 17385K, committed 17856K, reserved 1048576K
}
Event: 13.286 GC heap before
{Heap before GC invocations=43 (full 0):
 garbage-first heap   total 370688K, used 295936K [0x0000000080000000, 0x0000000100000000)
  region size 1024K, 117 young (119808K), 18 survivors (18432K)
 Metaspace       used 127650K, committed 128512K, reserved 1179648K
  class space    used 17887K, committed 18304K, reserved 1048576K
}
Event: 13.297 GC heap after
{Heap after GC invocations=44 (full 0):
 garbage-first heap   total 370688K, used 202097K [0x0000000080000000, 0x0000000100000000)
  region size 1024K, 6 young (6144K), 6 survivors (6144K)
 Metaspace       used 127650K, committed 128512K, reserved 1179648K
  class space    used 17887K, committed 18304K, reserved 1048576K
}
Event: 13.423 GC heap before
{Heap before GC invocations=44 (full 0):
 garbage-first heap   total 370688K, used 302449K [0x0000000080000000, 0x0000000100000000)
  region size 1024K, 104 young (106496K), 6 survivors (6144K)
 Metaspace       used 128465K, committed 129344K, reserved 1179648K
  class space    used 17988K, committed 18432K, reserved 1048576K
}

