# JRE version: OpenJDK Runtime Environment (17.0.11) (build 17.0.11+0--11852314)
# Java VM: OpenJDK 64-Bit Server VM (17.0.11+0--11852314, mixed mode, tiered, compressed oops, compressed class ptrs, g1 gc, windows-amd64)
GC Precious Log:
 CPUs: 12 total, 12 available
 Memory: 15713M
 Large Page Support: Disabled
 NUMA Support: Disabled
 Compressed Oops: Enabled (32-bit)
 Heap Region Size: 1M
 Heap Min Capacity: 8M
 Heap Initial Capacity: 246M
 Heap Max Capacity: 2G
 Pre-touch: Disabled
 Parallel Workers: 10
 Concurrent Workers: 3
 Concurrent Refinement Workers: 10
 Periodic GC: Disabled
Heap:
 garbage-first heap   total 342016K, used 162107K [0x0000000080000000, 0x0000000100000000)
  region size 1024K, 2 young (2048K), 2 survivors (2048K)
 Metaspace       used 117340K, committed 118208K, reserved 1179648K
  class space    used 16856K, committed 17280K, reserved 1048576K
GC Heap History (20 events):
Event: 7.098 GC heap after
{Heap after GC invocations=35 (full 0):
 garbage-first heap   total 171008K, used 81161K [0x0000000080000000, 0x0000000100000000)
  region size 1024K, 3 young (3072K), 3 survivors (3072K)
 Metaspace       used 97821K, committed 98624K, reserved 1179648K
  class space    used 13483K, committed 13888K, reserved 1048576K
}
Event: 7.590 GC heap before
{Heap before GC invocations=36 (full 0):
 garbage-first heap   total 171008K, used 137481K [0x0000000080000000, 0x0000000100000000)
  region size 1024K, 59 young (60416K), 3 survivors (3072K)
 Metaspace       used 98984K, committed 99776K, reserved 1179648K
  class space    used 13629K, committed 14016K, reserved 1048576K
}
Event: 7.594 GC heap after
{Heap after GC invocations=37 (full 0):
 garbage-first heap   total 171008K, used 84835K [0x0000000080000000, 0x0000000100000000)
  region size 1024K, 6 young (6144K), 6 survivors (6144K)
 Metaspace       used 98984K, committed 99776K, reserved 1179648K
  class space    used 13629K, committed 14016K, reserved 1048576K
}
Event: 7.599 GC heap before
{Heap before GC invocations=37 (full 0):
 garbage-first heap   total 171008K, used 86883K [0x0000000080000000, 0x0000000100000000)
  region size 1024K, 8 young (8192K), 6 survivors (6144K)
 Metaspace       used 98998K, committed 99776K, reserved 1179648K
  class space    used 13630K, committed 14016K, reserved 1048576K
}
Event: 7.602 GC heap after
{Heap after GC invocations=38 (full 0):
 garbage-first heap   total 171008K, used 85251K [0x0000000080000000, 0x0000000100000000)
  region size 1024K, 1 young (1024K), 1 survivors (1024K)
 Metaspace       used 98998K, committed 99776K, reserved 1179648K
  class space    used 13630K, committed 14016K, reserved 1048576K
}
Event: 7.751 GC heap before
{Heap before GC invocations=38 (full 0):
 garbage-first heap   total 171008K, used 138499K [0x0000000080000000, 0x0000000100000000)
  region size 1024K, 54 young (55296K), 1 survivors (1024K)
 Metaspace       used 100622K, committed 101440K, reserved 1179648K
  class space    used 13868K, committed 14272K, reserved 1048576K
}
Event: 7.754 GC heap after
{Heap after GC invocations=39 (full 0):
 garbage-first heap   total 171008K, used 90869K [0x0000000080000000, 0x0000000100000000)
  region size 1024K, 7 young (7168K), 7 survivors (7168K)
 Metaspace       used 100622K, committed 101440K, reserved 1179648K
  class space    used 13868K, committed 14272K, reserved 1048576K
}
Event: 7.892 GC heap before
{Heap before GC invocations=39 (full 0):
 garbage-first heap   total 171008K, used 137973K [0x0000000080000000, 0x0000000100000000)
  region size 1024K, 54 young (55296K), 7 survivors (7168K)
 Metaspace       used 102703K, committed 103488K, reserved 1179648K
  class space    used 14197K, committed 14592K, reserved 1048576K
}
Event: 7.894 GC heap after
{Heap after GC invocations=40 (full 0):
 garbage-first heap   total 171008K, used 97718K [0x0000000080000000, 0x0000000100000000)
  region size 1024K, 7 young (7168K), 7 survivors (7168K)
 Metaspace       used 102703K, committed 103488K, reserved 1179648K
  class space    used 14197K, committed 14592K, reserved 1048576K
}
Event: 8.023 GC heap before
{Heap before GC invocations=40 (full 0):
 garbage-first heap   total 171008K, used 139702K [0x0000000080000000, 0x0000000100000000)
  region size 1024K, 48 young (49152K), 7 survivors (7168K)
 Metaspace       used 105181K, committed 105920K, reserved 1179648K
  class space    used 14596K, committed 14976K, reserved 1048576K
}
Event: 8.028 GC heap after
{Heap after GC invocations=41 (full 0):
 garbage-first heap   total 171008K, used 103506K [0x0000000080000000, 0x0000000100000000)
  region size 1024K, 6 young (6144K), 6 survivors (6144K)
 Metaspace       used 105181K, committed 105920K, reserved 1179648K
  class space    used 14596K, committed 14976K, reserved 1048576K
}
Event: 8.080 GC heap before
{Heap before GC invocations=41 (full 0):
 garbage-first heap   total 171008K, used 139346K [0x0000000080000000, 0x0000000100000000)
  region size 1024K, 42 young (43008K), 6 survivors (6144K)
 Metaspace       used 106236K, committed 107008K, reserved 1179648K
  class space    used 14796K, committed 15168K, reserved 1048576K
}
Event: 8.086 GC heap after
{Heap after GC invocations=42 (full 0):
 garbage-first heap   total 342016K, used 110363K [0x0000000080000000, 0x0000000100000000)
  region size 1024K, 6 young (6144K), 6 survivors (6144K)
 Metaspace       used 106236K, committed 107008K, reserved 1179648K
  class space    used 14796K, committed 15168K, reserved 1048576K
}
Event: 8.290 GC heap before
{Heap before GC invocations=42 (full 0):
 garbage-first heap   total 342016K, used 253723K [0x0000000080000000, 0x0000000100000000)
  region size 1024K, 147 young (150528K), 6 survivors (6144K)
 Metaspace       used 111238K, committed 112064K, reserved 1179648K
  class space    used 15751K, committed 16128K, reserved 1048576K
}
Event: 8.303 GC heap after
{Heap after GC invocations=43 (full 0):
 garbage-first heap   total 342016K, used 131784K [0x0000000080000000, 0x0000000100000000)
  region size 1024K, 19 young (19456K), 19 survivors (19456K)
 Metaspace       used 111238K, committed 112064K, reserved 1179648K
  class space    used 15751K, committed 16128K, reserved 1048576K
}
Event: 8.384 GC heap before
{Heap before GC invocations=43 (full 0):
 garbage-first heap   total 342016K, used 243400K [0x0000000080000000, 0x0000000100000000)
  region size 1024K, 129 young (132096K), 19 survivors (19456K)
 Metaspace       used 112772K, committed 113600K, reserved 1179648K
  class space    used 16034K, committed 16448K, reserved 1048576K
}
Event: 8.400 GC heap after
{Heap after GC invocations=44 (full 0):
 garbage-first heap   total 342016K, used 150528K [0x0000000080000000, 0x0000000100000000)
  region size 1024K, 17 young (17408K), 17 survivors (17408K)
 Metaspace       used 112772K, committed 113600K, reserved 1179648K
  class space    used 16034K, committed 16448K, reserved 1048576K
}
Event: 8.567 GC heap before
{Heap before GC invocations=44 (full 0):
 garbage-first heap   total 342016K, used 252928K [0x0000000080000000, 0x0000000100000000)
  region size 1024K, 118 young (120832K), 17 survivors (17408K)
 Metaspace       used 116573K, committed 117376K, reserved 1179648K
  class space    used 16771K, committed 17152K, reserved 1048576K
}
Event: 8.577 GC heap after
{Heap after GC invocations=45 (full 0):
 garbage-first heap   total 342016K, used 161103K [0x0000000080000000, 0x0000000100000000)
  region size 1024K, 10 young (10240K), 10 survivors (10240K)
 Metaspace       used 116573K, committed 117376K, reserved 1179648K
  class space    used 16771K, committed 17152K, reserved 1048576K
}
Event: 8.714 GC heap before
{Heap before GC invocations=45 (full 0):
 garbage-first heap   total 342016K, used 263503K [0x0000000080000000, 0x0000000100000000)
  region size 1024K, 110 young (112640K), 10 survivors (10240K)
 Metaspace       used 117340K, committed 118208K, reserved 1179648K
  class space    used 16856K, committed 17280K, reserved 1048576K
}

